SF:lib\models\word.dart
DA:10,1
DA:20,1
DA:22,1
DA:23,1
DA:25,1
DA:27,1
DA:28,1
DA:29,1
DA:30,3
DA:31,0
DA:32,1
DA:33,1
DA:34,1
DA:35,2
DA:37,1
DA:43,1
DA:44,2
DA:48,1
DA:49,1
DA:50,1
DA:51,1
DA:52,1
DA:53,4
DA:54,1
DA:55,1
DA:56,3
DA:68,1
DA:76,1
DA:79,1
DA:80,1
DA:81,3
DA:82,0
DA:83,0
DA:84,0
DA:85,0
DA:88,1
DA:89,5
DA:90,1
DA:91,1
DA:93,1
DA:97,1
DA:98,1
DA:99,1
DA:100,1
DA:101,1
DA:102,1
DA:103,1
LF:47
LH:42
end_of_record
SF:lib\widgets\bottom_nav.dart
DA:8,1
DA:12,1
DA:14,1
DA:16,1
DA:18,1
DA:19,1
DA:20,1
DA:21,1
DA:22,1
DA:23,1
DA:24,1
DA:25,1
DA:29,1
DA:30,1
DA:31,1
DA:37,1
DA:39,1
DA:41,1
DA:44,1
DA:45,1
DA:46,1
DA:47,1
DA:48,1
DA:49,1
DA:59,1
DA:60,1
DA:61,0
DA:62,1
DA:65,1
DA:72,1
DA:73,1
DA:74,1
DA:80,1
DA:81,1
DA:94,1
DA:95,2
DA:97,1
DA:98,3
DA:100,1
DA:107,1
DA:113,1
DA:114,1
DA:115,1
DA:116,1
DA:123,1
DA:126,1
DA:127,1
DA:132,1
DA:134,1
DA:142,1
DA:144,1
LF:51
LH:50
end_of_record
